<?xml version="1.0" encoding="UTF-8"?>
<!-- Generated by org.testng.reporters.JUnitReportReporter -->
<testsuite skipped="0" hostname="DESKTOP-OBQRPCJ" name="com.tests.smoke.Smoke_4_2" tests="1" failures="0" timestamp="31 мая 2019 17:13:50 GMT" time="20.862" errors="0">
  <testcase name="smoke1" time="20.862" classname="com.tests.smoke.Smoke_4_2"/>
</testsuite> <!-- com.tests.smoke.Smoke_4_2 -->
