<?xml version="1.0" encoding="UTF-8"?>
<!-- Generated by org.testng.reporters.JUnitReportReporter -->
<testsuite skipped="0" hostname="DESKTOP-OBQRPCJ" name="com.tests.smoke.Smoke_7_1_1" tests="1" failures="0" timestamp="03 июн 2019 05:30:54 GMT" time="23.271" errors="0">
  <testcase name="smoke1" time="23.271" classname="com.tests.smoke.Smoke_7_1_1"/>
</testsuite> <!-- com.tests.smoke.Smoke_7_1_1 -->
